Removed Pin From Net: NetName=NetL2_4 Pin=Q1-1
Removed Pin From Net: NetName=NetJ2_2 Pin=Q1-3
Removed Pin From Net: NetName=NetL4_4 Pin=Q2-1
Removed Pin From Net: NetName=NetJ2_3 Pin=Q2-3
Removed Pin From Net: NetName=NetJ2_1 Pin=R14-1
Removed Pin From Net: NetName=NetJ2_2 Pin=R15-1
Removed Pin From Net: NetName=GND Pin=R15-2
Removed Pin From Net: NetName=NetJ2_3 Pin=R16-1
Removed Pin From Net: NetName=GND Pin=R16-2
Removed Member From Class: ClassName=SubsystemA Member=Q1
Removed Member From Class: ClassName=SubsystemA Member=Q2
Removed Member From Class: ClassName=SubsystemA Member=R14
Removed Member From Class: ClassName=SubsystemA Member=R15
Removed Member From Class: ClassName=SubsystemA Member=R16
Added Component: Designator=S1(N14)
Add component (AddParameter): Name = "Copyright"; Value = "Copyright (C) 2025 Ultra Librarian. All rights reserved."; VariantName = "[No Variations]"
Add component (AddParameter): Name = "Manufacturer_Name"; Value = "Texas Instruments"; VariantName = "[No Variations]"
Add component (AddParameter): Name = "Manufacturer_Part_Number"; Value = "SN74HC4066N"; VariantName = "[No Variations]"
Add component (AddParameter): Name = "RefDes"; Value = "RefDes"; VariantName = "[No Variations]"
Add component (AddParameter): Name = "Type"; Value = "Type"; VariantName = "[No Variations]"
Added Pin To Net: NetName=NetJ2_2 Pin=S1-1
Added Pin To Net: NetName=NetL2_4 Pin=S1-2
Added Pin To Net: NetName=NetJ2_3 Pin=S1-3
Added Pin To Net: NetName=NetL4_4 Pin=S1-4
Added Pin To Net: NetName=NetJ2_1 Pin=S1-5
Added Pin To Net: NetName=GND Pin=S1-7
Added Pin To Net: NetName=NetJ2_1 Pin=S1-13
Added Pin To Net: NetName=+5 Pin=S1-14
Added Member To Class: ClassName=SubsystemA Member=Component S1 SN74HC4066N
